2026-01-12T16:29:01.898391Z|3|ADD_GRADE|studentId=1001,subject=Mathematics|24|SUCCESS|
2026-01-12T16:29:01.899800900Z|3|ADD_GRADE|studentId=1002,subject=Mathematics|0|SUCCESS|
2026-01-12T16:29:01.902818600Z|3|ADD_GRADE|studentId=1001,subject=Mathematics|0|SUCCESS|
2026-01-12T16:29:01.902818600Z|3|ADD_GRADE|studentId=1001,subject=Music|0|SUCCESS|
2026-01-12T16:29:01.940963100Z|3|ADD_GRADE|studentId=1001,subject=Music|0|SUCCESS|
2026-01-12T16:29:01.942964700Z|3|ADD_GRADE|studentId=1001,subject=Art|0|SUCCESS|
2026-01-12T16:29:02.010912900Z|3|ADD_GRADE|studentId=1001,subject=Mathematics|0|SUCCESS|
2026-01-12T16:29:02.011921100Z|3|ADD_GRADE|studentId=1001,subject=Music|0|SUCCESS|
2026-01-12T16:29:02.020877100Z|3|ADD_GRADE|studentId=1002,subject=Mathematics|0|SUCCESS|
2026-01-12T16:29:02.036021500Z|3|ADD_GRADE|studentId=1001,subject=Mathematics|0|SUCCESS|
2026-01-12T16:29:02.036021500Z|3|ADD_GRADE|studentId=1001,subject=Music|0|SUCCESS|
2026-01-12T16:29:02.036021500Z|3|ADD_GRADE|studentId=1001,subject=Mathematics|0|SUCCESS|
2026-01-12T16:29:02.050828400Z|3|ADD_GRADE|studentId=1001,subject=Mathematics|0|SUCCESS|
2026-01-12T16:29:02.050828400Z|3|ADD_GRADE|studentId=1001,subject=Music|0|SUCCESS|
2026-01-12T16:29:02.056336500Z|3|ADD_GRADE|studentId=1001,subject=Mathematics|0|SUCCESS|
2026-01-12T16:29:02.085356400Z|3|ADD_GRADE|studentId=1001,subject=Mathematics|1|SUCCESS|
2026-01-12T16:29:02.085356400Z|3|ADD_GRADE|studentId=1001,subject=Music|0|SUCCESS|
2026-01-12T16:29:02.085356400Z|3|ADD_GRADE|studentId=1002,subject=Mathematics|0|SUCCESS|
2026-01-12T16:29:02.101191800Z|3|ADD_GRADE|studentId=1001,subject=Mathematics|0|SUCCESS|
2026-01-12T16:29:02.101191800Z|3|ADD_GRADE|studentId=1001,subject=Science|0|SUCCESS|
2026-01-12T16:29:02.268153600Z|3|ADD_GRADE|studentId=1001,subject=Mathematics|0|SUCCESS|
2026-01-12T16:29:02.270187300Z|3|ADD_GRADE|studentId=1001,subject=English|0|SUCCESS|
2026-01-12T16:29:02.314382500Z|3|ADD_GRADE|studentId=1001,subject=Mathematics|0|SUCCESS|
2026-01-12T16:29:02.315384200Z|3|ADD_GRADE|studentId=1001,subject=English|0|SUCCESS|
2026-01-12T16:29:02.315384200Z|3|ADD_GRADE|studentId=1001,subject=Music|0|SUCCESS|
2026-01-12T16:29:02.318905300Z|3|ADD_GRADE|studentId=1001,subject=Music|0|SUCCESS|
2026-01-12T16:29:02.318905300Z|3|ADD_GRADE|studentId=1001,subject=Art|0|SUCCESS|
2026-01-12T16:29:02.321919600Z|3|ADD_GRADE|studentId=1001,subject=Mathematics|0|SUCCESS|
2026-01-12T16:29:02.321919600Z|3|ADD_GRADE|studentId=1002,subject=Mathematics|0|SUCCESS|
2026-01-12T16:29:02.328863800Z|3|ADD_GRADE|studentId=1001,subject=Mathematics|0|SUCCESS|
2026-01-12T16:29:02.331891300Z|3|ADD_GRADE|studentId=1001,subject=Mathematics|0|SUCCESS|
2026-01-12T16:29:02.332889200Z|3|ADD_GRADE|studentId=1002,subject=Mathematics|0|SUCCESS|
2026-01-12T16:29:02.335889800Z|3|ADD_GRADE|studentId=1001,subject=Mathematics|1|SUCCESS|
2026-01-12T16:29:02.335889800Z|3|ADD_GRADE|studentId=1001,subject=English|0|SUCCESS|
2026-01-12T16:29:02.352877900Z|3|ADD_GRADE|studentId=1001,subject=Mathematics|0|SUCCESS|
2026-01-12T16:29:02.354874200Z|3|ADD_GRADE|studentId=1001,subject=Mathematics|0|SUCCESS|
2026-01-12T16:29:02.355875800Z|3|ADD_GRADE|studentId=1001,subject=Music|1|SUCCESS|
2026-01-12T16:29:02.363425200Z|3|ADD_GRADE|studentId=1001,subject=Mathematics|0|SUCCESS|
2026-01-12T16:29:02.364426300Z|3|ADD_GRADE|studentId=1001,subject=Mathematics|0|SUCCESS|
2026-01-12T16:29:02.364426300Z|3|ADD_GRADE|studentId=1001,subject=Mathematics|0|SUCCESS|
2026-01-12T16:29:02.372957900Z|3|ADD_GRADE|studentId=1001,subject=Mathematics|0|SUCCESS|
2026-01-12T16:29:02.373957200Z|3|ADD_GRADE|studentId=1001,subject=English|0|SUCCESS|
2026-01-12T16:29:02.373957200Z|3|ADD_GRADE|studentId=1002,subject=Mathematics|0|SUCCESS|
2026-01-12T16:29:02.373957200Z|3|ADD_GRADE|studentId=1002,subject=Music|0|SUCCESS|
2026-01-12T16:29:02.375957600Z|3|ADD_GRADE|studentId=1003,subject=English|0|SUCCESS|
2026-01-12T16:29:02.375957600Z|3|ADD_GRADE|studentId=1003,subject=Mathematics|0|SUCCESS|
2026-01-12T16:29:02.377472200Z|3|ADD_GRADE|studentId=1004,subject=Mathematics|2|SUCCESS|
2026-01-12T16:29:02.377472200Z|3|ADD_GRADE|studentId=1004,subject=Music|0|SUCCESS|
2026-01-12T16:29:02.389021600Z|3|ADD_GRADE|studentId=1001,subject=Mathematics|6|SUCCESS|
2026-01-12T16:29:02.389021600Z|3|ADD_GRADE|studentId=1001,subject=English|0|SUCCESS|
2026-01-12T16:29:02.390033800Z|3|ADD_GRADE|studentId=1002,subject=Mathematics|0|SUCCESS|
2026-01-12T16:29:02.390033800Z|3|ADD_GRADE|studentId=1002,subject=Music|0|SUCCESS|
2026-01-12T16:29:02.422086500Z|3|ADD_GRADE|studentId=1003,subject=English|32|SUCCESS|
2026-01-12T16:29:02.422086500Z|3|ADD_GRADE|studentId=1003,subject=Mathematics|0|SUCCESS|
2026-01-12T16:29:02.422086500Z|3|ADD_GRADE|studentId=1004,subject=Mathematics|0|SUCCESS|
2026-01-12T16:29:02.422086500Z|3|ADD_GRADE|studentId=1004,subject=Music|0|SUCCESS|
2026-01-12T16:29:02.432449800Z|3|ADD_GRADE|studentId=1001,subject=Mathematics|0|SUCCESS|
2026-01-12T16:29:02.433447600Z|3|ADD_GRADE|studentId=1001,subject=English|0|SUCCESS|
2026-01-12T16:29:02.433447600Z|3|ADD_GRADE|studentId=1002,subject=Mathematics|0|SUCCESS|
2026-01-12T16:29:02.433447600Z|3|ADD_GRADE|studentId=1002,subject=Music|0|SUCCESS|
2026-01-12T16:29:02.433447600Z|3|ADD_GRADE|studentId=1003,subject=English|0|SUCCESS|
2026-01-12T16:29:02.433447600Z|3|ADD_GRADE|studentId=1003,subject=Mathematics|0|SUCCESS|
2026-01-12T16:29:02.434445600Z|3|ADD_GRADE|studentId=1004,subject=Mathematics|0|SUCCESS|
2026-01-12T16:29:02.434445600Z|3|ADD_GRADE|studentId=1004,subject=Music|0|SUCCESS|
2026-01-12T16:29:02.462916300Z|3|ADD_GRADE|studentId=1001,subject=Mathematics|0|SUCCESS|
2026-01-12T16:29:02.463920800Z|3|ADD_GRADE|studentId=1001,subject=English|0|SUCCESS|
2026-01-12T16:29:02.463920800Z|3|ADD_GRADE|studentId=1002,subject=Mathematics|0|SUCCESS|
2026-01-12T16:29:02.463920800Z|3|ADD_GRADE|studentId=1002,subject=Music|0|SUCCESS|
2026-01-12T16:29:02.463920800Z|3|ADD_GRADE|studentId=1003,subject=English|0|SUCCESS|
2026-01-12T16:29:02.464916500Z|3|ADD_GRADE|studentId=1003,subject=Mathematics|1|SUCCESS|
2026-01-12T16:29:02.464916500Z|3|ADD_GRADE|studentId=1004,subject=Mathematics|0|SUCCESS|
2026-01-12T16:29:02.465918600Z|3|ADD_GRADE|studentId=1004,subject=Music|0|SUCCESS|
2026-01-12T16:29:02.468443100Z|3|ADD_GRADE|studentId=1001,subject=Mathematics|0|SUCCESS|
2026-01-12T16:29:02.468443100Z|3|ADD_GRADE|studentId=1001,subject=English|0|SUCCESS|
2026-01-12T16:29:02.468443100Z|3|ADD_GRADE|studentId=1002,subject=Mathematics|0|SUCCESS|
2026-01-12T16:29:02.468443100Z|3|ADD_GRADE|studentId=1002,subject=Music|0|SUCCESS|
2026-01-12T16:29:02.468443100Z|3|ADD_GRADE|studentId=1003,subject=English|0|SUCCESS|
2026-01-12T16:29:02.468443100Z|3|ADD_GRADE|studentId=1003,subject=Mathematics|0|SUCCESS|
2026-01-12T16:29:02.469441900Z|3|ADD_GRADE|studentId=1004,subject=Mathematics|1|SUCCESS|
2026-01-12T16:29:02.469441900Z|3|ADD_GRADE|studentId=1004,subject=Music|0|SUCCESS|
2026-01-12T16:29:02.471453900Z|3|ADD_GRADE|studentId=1001,subject=Mathematics|0|SUCCESS|
2026-01-12T16:29:02.472455700Z|3|ADD_GRADE|studentId=1001,subject=English|0|SUCCESS|
2026-01-12T16:29:02.472455700Z|3|ADD_GRADE|studentId=1002,subject=Mathematics|0|SUCCESS|
2026-01-12T16:29:02.472455700Z|3|ADD_GRADE|studentId=1002,subject=Music|0|SUCCESS|
2026-01-12T16:29:02.472455700Z|3|ADD_GRADE|studentId=1003,subject=English|0|SUCCESS|
2026-01-12T16:29:02.472455700Z|3|ADD_GRADE|studentId=1003,subject=Mathematics|0|SUCCESS|
2026-01-12T16:29:02.472455700Z|3|ADD_GRADE|studentId=1004,subject=Mathematics|0|SUCCESS|
2026-01-12T16:29:02.472455700Z|3|ADD_GRADE|studentId=1004,subject=Music|0|SUCCESS|
2026-01-12T16:29:02.482364600Z|3|ADD_GRADE|studentId=1001,subject=Mathematics|0|SUCCESS|
2026-01-12T16:29:02.482364600Z|3|ADD_GRADE|studentId=1001,subject=English|0|SUCCESS|
2026-01-12T16:29:02.483364400Z|3|ADD_GRADE|studentId=1002,subject=Mathematics|0|SUCCESS|
2026-01-12T16:29:02.483364400Z|3|ADD_GRADE|studentId=1002,subject=Music|0|SUCCESS|
2026-01-12T16:29:02.483364400Z|3|ADD_GRADE|studentId=1003,subject=English|0|SUCCESS|
2026-01-12T16:29:02.483364400Z|3|ADD_GRADE|studentId=1003,subject=Mathematics|0|SUCCESS|
2026-01-12T16:29:02.483364400Z|3|ADD_GRADE|studentId=1004,subject=Mathematics|0|SUCCESS|
2026-01-12T16:29:02.483364400Z|3|ADD_GRADE|studentId=1004,subject=Music|0|SUCCESS|
2026-01-12T16:29:02.486367300Z|3|ADD_GRADE|studentId=1001,subject=Mathematics|0|SUCCESS|
2026-01-12T16:29:02.486367300Z|3|ADD_GRADE|studentId=1001,subject=English|0|SUCCESS|
2026-01-12T16:29:02.486367300Z|3|ADD_GRADE|studentId=1002,subject=Mathematics|0|SUCCESS|
2026-01-12T16:29:02.486367300Z|3|ADD_GRADE|studentId=1002,subject=Music|0|SUCCESS|
2026-01-12T16:29:02.486367300Z|3|ADD_GRADE|studentId=1003,subject=English|0|SUCCESS|
2026-01-12T16:29:02.487367200Z|3|ADD_GRADE|studentId=1003,subject=Mathematics|1|SUCCESS|
2026-01-12T16:29:02.487367200Z|3|ADD_GRADE|studentId=1004,subject=Mathematics|0|SUCCESS|
2026-01-12T16:29:02.487367200Z|3|ADD_GRADE|studentId=1004,subject=Music|0|SUCCESS|
2026-01-12T16:29:02.489903400Z|3|ADD_GRADE|studentId=1001,subject=Mathematics|0|SUCCESS|
2026-01-12T16:29:02.489903400Z|3|ADD_GRADE|studentId=1001,subject=English|0|SUCCESS|
2026-01-12T16:29:02.489903400Z|3|ADD_GRADE|studentId=1002,subject=Mathematics|0|SUCCESS|
2026-01-12T16:29:02.489903400Z|3|ADD_GRADE|studentId=1002,subject=Music|0|SUCCESS|
2026-01-12T16:29:02.489903400Z|3|ADD_GRADE|studentId=1003,subject=English|0|SUCCESS|
2026-01-12T16:29:02.490904600Z|3|ADD_GRADE|studentId=1003,subject=Mathematics|1|SUCCESS|
2026-01-12T16:29:02.492903700Z|3|ADD_GRADE|studentId=1004,subject=Mathematics|2|SUCCESS|
2026-01-12T16:29:02.492903700Z|3|ADD_GRADE|studentId=1004,subject=Music|0|SUCCESS|
2026-01-12T16:29:02.561727200Z|3|ADD_GRADE|studentId=1001,subject=Mathematics|0|SUCCESS|
2026-01-12T16:29:02.562727300Z|3|ADD_GRADE|studentId=1001,subject=English|0|SUCCESS|
2026-01-12T16:29:02.562727300Z|3|ADD_GRADE|studentId=1002,subject=Mathematics|0|SUCCESS|
2026-01-12T16:29:02.562727300Z|3|ADD_GRADE|studentId=1002,subject=Music|0|SUCCESS|
2026-01-12T16:29:02.562727300Z|3|ADD_GRADE|studentId=1003,subject=English|0|SUCCESS|
2026-01-12T16:29:02.562727300Z|3|ADD_GRADE|studentId=1003,subject=Mathematics|0|SUCCESS|
2026-01-12T16:29:02.562727300Z|3|ADD_GRADE|studentId=1004,subject=Mathematics|0|SUCCESS|
2026-01-12T16:29:02.562727300Z|3|ADD_GRADE|studentId=1004,subject=Music|0|SUCCESS|
2026-01-12T16:29:02.565726800Z|3|ADD_GRADE|studentId=1001,subject=Mathematics|0|SUCCESS|
2026-01-12T16:29:02.565726800Z|3|ADD_GRADE|studentId=1001,subject=English|0|SUCCESS|
2026-01-12T16:29:02.565726800Z|3|ADD_GRADE|studentId=1002,subject=Mathematics|0|SUCCESS|
2026-01-12T16:29:02.565726800Z|3|ADD_GRADE|studentId=1002,subject=Music|0|SUCCESS|
2026-01-12T16:29:02.566729200Z|3|ADD_GRADE|studentId=1003,subject=English|0|SUCCESS|
2026-01-12T16:29:02.566729200Z|3|ADD_GRADE|studentId=1003,subject=Mathematics|0|SUCCESS|
2026-01-12T16:29:02.566729200Z|3|ADD_GRADE|studentId=1004,subject=Mathematics|0|SUCCESS|
2026-01-12T16:29:02.566729200Z|3|ADD_GRADE|studentId=1004,subject=Music|0|SUCCESS|
2026-01-12T16:29:02.569251700Z|3|ADD_GRADE|studentId=1001,subject=Mathematics|0|SUCCESS|
2026-01-12T16:29:02.569251700Z|3|ADD_GRADE|studentId=1001,subject=English|0|SUCCESS|
2026-01-12T16:29:02.569251700Z|3|ADD_GRADE|studentId=1002,subject=Mathematics|0|SUCCESS|
2026-01-12T16:29:02.569251700Z|3|ADD_GRADE|studentId=1002,subject=Music|0|SUCCESS|
2026-01-12T16:29:02.570264600Z|3|ADD_GRADE|studentId=1003,subject=English|0|SUCCESS|
2026-01-12T16:29:02.570264600Z|3|ADD_GRADE|studentId=1003,subject=Mathematics|0|SUCCESS|
2026-01-12T16:29:02.570264600Z|3|ADD_GRADE|studentId=1004,subject=Mathematics|0|SUCCESS|
2026-01-12T16:29:02.570264600Z|3|ADD_GRADE|studentId=1004,subject=Music|0|SUCCESS|
2026-01-12T16:29:02.572264400Z|3|ADD_GRADE|studentId=1001,subject=Mathematics|0|SUCCESS|
2026-01-12T16:29:02.572264400Z|3|ADD_GRADE|studentId=1001,subject=English|0|SUCCESS|
2026-01-12T16:29:02.572264400Z|3|ADD_GRADE|studentId=1002,subject=Mathematics|0|SUCCESS|
2026-01-12T16:29:02.572264400Z|3|ADD_GRADE|studentId=1002,subject=Music|0|SUCCESS|
2026-01-12T16:29:02.572264400Z|3|ADD_GRADE|studentId=1003,subject=English|0|SUCCESS|
2026-01-12T16:29:02.572264400Z|3|ADD_GRADE|studentId=1003,subject=Mathematics|0|SUCCESS|
2026-01-12T16:29:02.573263Z|3|ADD_GRADE|studentId=1004,subject=Mathematics|0|SUCCESS|
2026-01-12T16:29:02.573263Z|3|ADD_GRADE|studentId=1004,subject=Music|0|SUCCESS|
2026-01-12T16:29:02.576262800Z|3|ADD_GRADE|studentId=1001,subject=Mathematics|0|SUCCESS|
2026-01-12T16:29:02.577772900Z|3|ADD_GRADE|studentId=1001,subject=English|1|SUCCESS|
2026-01-12T16:29:02.577772900Z|3|ADD_GRADE|studentId=1002,subject=Mathematics|0|SUCCESS|
2026-01-12T16:29:02.577772900Z|3|ADD_GRADE|studentId=1002,subject=Music|0|SUCCESS|
2026-01-12T16:29:02.577772900Z|3|ADD_GRADE|studentId=1003,subject=English|0|SUCCESS|
2026-01-12T16:29:02.577772900Z|3|ADD_GRADE|studentId=1003,subject=Mathematics|0|SUCCESS|
2026-01-12T16:29:02.577772900Z|3|ADD_GRADE|studentId=1004,subject=Mathematics|0|SUCCESS|
2026-01-12T16:29:02.577772900Z|3|ADD_GRADE|studentId=1004,subject=Music|0|SUCCESS|
2026-01-12T16:29:02.579798600Z|3|ADD_GRADE|studentId=1001,subject=Mathematics|0|SUCCESS|
2026-01-12T16:29:02.580798600Z|3|ADD_GRADE|studentId=1001,subject=English|0|SUCCESS|
2026-01-12T16:29:02.580798600Z|3|ADD_GRADE|studentId=1002,subject=Mathematics|0|SUCCESS|
2026-01-12T16:29:02.580798600Z|3|ADD_GRADE|studentId=1002,subject=Music|0|SUCCESS|
2026-01-12T16:29:02.580798600Z|3|ADD_GRADE|studentId=1003,subject=English|0|SUCCESS|
2026-01-12T16:29:02.580798600Z|3|ADD_GRADE|studentId=1003,subject=Mathematics|0|SUCCESS|
2026-01-12T16:29:02.580798600Z|3|ADD_GRADE|studentId=1004,subject=Mathematics|0|SUCCESS|
2026-01-12T16:29:02.580798600Z|3|ADD_GRADE|studentId=1004,subject=Music|0|SUCCESS|
2026-01-12T16:29:02.582796400Z|3|ADD_GRADE|studentId=1001,subject=Mathematics|0|SUCCESS|
2026-01-12T16:29:02.583799300Z|3|ADD_GRADE|studentId=1001,subject=English|1|SUCCESS|
2026-01-12T16:29:02.583799300Z|3|ADD_GRADE|studentId=1002,subject=Mathematics|0|SUCCESS|
2026-01-12T16:29:02.583799300Z|3|ADD_GRADE|studentId=1002,subject=Music|0|SUCCESS|
2026-01-12T16:29:02.583799300Z|3|ADD_GRADE|studentId=1003,subject=English|0|SUCCESS|
2026-01-12T16:29:02.583799300Z|3|ADD_GRADE|studentId=1003,subject=Mathematics|0|SUCCESS|
2026-01-12T16:29:02.583799300Z|3|ADD_GRADE|studentId=1004,subject=Mathematics|0|SUCCESS|
2026-01-12T16:29:02.583799300Z|3|ADD_GRADE|studentId=1004,subject=Music|0|SUCCESS|
2026-01-12T16:29:02.585800100Z|3|ADD_GRADE|studentId=1001,subject=Mathematics|0|SUCCESS|
2026-01-12T16:29:02.585800100Z|3|ADD_GRADE|studentId=1001,subject=English|0|SUCCESS|
2026-01-12T16:29:02.586799600Z|3|ADD_GRADE|studentId=1002,subject=Mathematics|0|SUCCESS|
2026-01-12T16:29:02.586799600Z|3|ADD_GRADE|studentId=1002,subject=Music|0|SUCCESS|
2026-01-12T16:29:02.586799600Z|3|ADD_GRADE|studentId=1003,subject=English|0|SUCCESS|
2026-01-12T16:29:02.586799600Z|3|ADD_GRADE|studentId=1003,subject=Mathematics|0|SUCCESS|
2026-01-12T16:29:02.586799600Z|3|ADD_GRADE|studentId=1004,subject=Mathematics|0|SUCCESS|
2026-01-12T16:29:02.586799600Z|3|ADD_GRADE|studentId=1004,subject=Music|0|SUCCESS|
2026-01-12T16:29:02.588312600Z|3|ADD_GRADE|studentId=1001,subject=Mathematics|0|SUCCESS|
2026-01-12T16:29:02.589327300Z|3|ADD_GRADE|studentId=1001,subject=English|0|SUCCESS|
2026-01-12T16:29:02.589327300Z|3|ADD_GRADE|studentId=1002,subject=Mathematics|0|SUCCESS|
2026-01-12T16:29:02.589327300Z|3|ADD_GRADE|studentId=1002,subject=Music|0|SUCCESS|
2026-01-12T16:29:02.589327300Z|3|ADD_GRADE|studentId=1003,subject=English|0|SUCCESS|
2026-01-12T16:29:02.589327300Z|3|ADD_GRADE|studentId=1003,subject=Mathematics|0|SUCCESS|
2026-01-12T16:29:02.589327300Z|3|ADD_GRADE|studentId=1004,subject=Mathematics|0|SUCCESS|
2026-01-12T16:29:02.589327300Z|3|ADD_GRADE|studentId=1004,subject=Music|0|SUCCESS|
2026-01-12T16:29:02.601508100Z|3|ADD_GRADE|studentId=1001,subject=Mathematics|0|SUCCESS|
2026-01-12T16:29:02.602510Z|3|ADD_GRADE|studentId=1001,subject=English|0|SUCCESS|
2026-01-12T16:29:02.602510Z|3|ADD_GRADE|studentId=1002,subject=Mathematics|0|SUCCESS|
2026-01-12T16:29:02.602510Z|3|ADD_GRADE|studentId=1002,subject=Music|0|SUCCESS|
2026-01-12T16:29:02.602510Z|3|ADD_GRADE|studentId=1003,subject=English|0|SUCCESS|
2026-01-12T16:29:02.602510Z|3|ADD_GRADE|studentId=1003,subject=Mathematics|0|SUCCESS|
2026-01-12T16:29:02.602510Z|3|ADD_GRADE|studentId=1004,subject=Mathematics|0|SUCCESS|
2026-01-12T16:29:02.602510Z|3|ADD_GRADE|studentId=1004,subject=Music|0|SUCCESS|
2026-01-12T16:29:02.614178500Z|3|ADD_GRADE|studentId=1001,subject=Mathematics|0|SUCCESS|
2026-01-12T16:29:02.615180Z|3|ADD_GRADE|studentId=1001,subject=English|0|SUCCESS|
2026-01-12T16:29:02.615180Z|3|ADD_GRADE|studentId=1002,subject=Mathematics|0|SUCCESS|
2026-01-12T16:29:02.615180Z|3|ADD_GRADE|studentId=1002,subject=Music|0|SUCCESS|
2026-01-12T16:29:02.615180Z|3|ADD_GRADE|studentId=1003,subject=English|0|SUCCESS|
2026-01-12T16:29:02.615180Z|3|ADD_GRADE|studentId=1003,subject=Mathematics|0|SUCCESS|
2026-01-12T16:29:02.615180Z|3|ADD_GRADE|studentId=1004,subject=Mathematics|0|SUCCESS|
2026-01-12T16:29:02.615180Z|3|ADD_GRADE|studentId=1004,subject=Music|0|SUCCESS|
2026-01-12T16:29:02.617690100Z|3|ADD_GRADE|studentId=1001,subject=Mathematics|0|SUCCESS|
2026-01-12T16:29:02.617690100Z|3|ADD_GRADE|studentId=1001,subject=English|0|SUCCESS|
2026-01-12T16:29:02.617690100Z|3|ADD_GRADE|studentId=1002,subject=Mathematics|0|SUCCESS|
2026-01-12T16:29:02.617690100Z|3|ADD_GRADE|studentId=1002,subject=Music|0|SUCCESS|
2026-01-12T16:29:02.617690100Z|3|ADD_GRADE|studentId=1003,subject=English|0|SUCCESS|
2026-01-12T16:29:02.617690100Z|3|ADD_GRADE|studentId=1003,subject=Mathematics|0|SUCCESS|
2026-01-12T16:29:02.617690100Z|3|ADD_GRADE|studentId=1004,subject=Mathematics|0|SUCCESS|
2026-01-12T16:29:02.617690100Z|3|ADD_GRADE|studentId=1004,subject=Music|0|SUCCESS|
2026-01-12T16:29:02.619717100Z|3|ADD_GRADE|studentId=1001,subject=Mathematics|0|SUCCESS|
2026-01-12T16:29:02.619717100Z|3|ADD_GRADE|studentId=1001,subject=English|0|SUCCESS|
2026-01-12T16:29:02.620715400Z|3|ADD_GRADE|studentId=1002,subject=Mathematics|1|SUCCESS|
2026-01-12T16:29:02.620715400Z|3|ADD_GRADE|studentId=1002,subject=Music|0|SUCCESS|
2026-01-12T16:29:02.620715400Z|3|ADD_GRADE|studentId=1003,subject=English|0|SUCCESS|
2026-01-12T16:29:02.620715400Z|3|ADD_GRADE|studentId=1003,subject=Mathematics|0|SUCCESS|
2026-01-12T16:29:02.620715400Z|3|ADD_GRADE|studentId=1004,subject=Mathematics|0|SUCCESS|
2026-01-12T16:29:02.620715400Z|3|ADD_GRADE|studentId=1004,subject=Music|0|SUCCESS|
2026-01-12T16:29:02.622715800Z|3|ADD_GRADE|studentId=1001,subject=Mathematics|0|SUCCESS|
2026-01-12T16:29:02.622715800Z|3|ADD_GRADE|studentId=1001,subject=English|0|SUCCESS|
2026-01-12T16:29:02.622715800Z|3|ADD_GRADE|studentId=1002,subject=Mathematics|0|SUCCESS|
2026-01-12T16:29:02.623716800Z|3|ADD_GRADE|studentId=1002,subject=Music|0|SUCCESS|
2026-01-12T16:29:02.623716800Z|3|ADD_GRADE|studentId=1003,subject=English|0|SUCCESS|
2026-01-12T16:29:02.623716800Z|3|ADD_GRADE|studentId=1003,subject=Mathematics|0|SUCCESS|
2026-01-12T16:29:02.623716800Z|3|ADD_GRADE|studentId=1004,subject=Mathematics|0|SUCCESS|
2026-01-12T16:29:02.625721500Z|3|ADD_GRADE|studentId=1004,subject=Music|0|SUCCESS|
2026-01-12T16:29:02.629248300Z|3|ADD_GRADE|studentId=1001,subject=Mathematics|0|SUCCESS|
2026-01-12T16:29:02.629248300Z|3|ADD_GRADE|studentId=1001,subject=English|0|SUCCESS|
2026-01-12T16:29:02.629248300Z|3|ADD_GRADE|studentId=1002,subject=Mathematics|0|SUCCESS|
2026-01-12T16:29:02.629248300Z|3|ADD_GRADE|studentId=1002,subject=Music|0|SUCCESS|
2026-01-12T16:29:02.629248300Z|3|ADD_GRADE|studentId=1003,subject=English|0|SUCCESS|
2026-01-12T16:29:02.629248300Z|3|ADD_GRADE|studentId=1003,subject=Mathematics|0|SUCCESS|
2026-01-12T16:29:02.629248300Z|3|ADD_GRADE|studentId=1004,subject=Mathematics|0|SUCCESS|
2026-01-12T16:29:02.630260Z|3|ADD_GRADE|studentId=1004,subject=Music|0|SUCCESS|
2026-01-12T16:29:02.632264100Z|3|ADD_GRADE|studentId=1001,subject=Mathematics|0|SUCCESS|
2026-01-12T16:29:02.632264100Z|3|ADD_GRADE|studentId=1001,subject=English|0|SUCCESS|
2026-01-12T16:29:02.632264100Z|3|ADD_GRADE|studentId=1002,subject=Mathematics|0|SUCCESS|
2026-01-12T16:29:02.632264100Z|3|ADD_GRADE|studentId=1002,subject=Music|0|SUCCESS|
2026-01-12T16:29:02.632264100Z|3|ADD_GRADE|studentId=1003,subject=English|0|SUCCESS|
2026-01-12T16:29:02.632264100Z|3|ADD_GRADE|studentId=1003,subject=Mathematics|0|SUCCESS|
2026-01-12T16:29:02.632264100Z|3|ADD_GRADE|studentId=1004,subject=Mathematics|0|SUCCESS|
2026-01-12T16:29:02.632264100Z|3|ADD_GRADE|studentId=1004,subject=Music|0|SUCCESS|
2026-01-12T16:30:14.522367900Z|3|ADD_GRADE|studentId=1001,subject=Mathematics|13|SUCCESS|
2026-01-12T16:30:14.523367900Z|3|ADD_GRADE|studentId=1001,subject=English|0|SUCCESS|
2026-01-12T16:30:14.552007Z|3|ADD_GRADE|studentId=1001,subject=Mathematics|0|SUCCESS|
2026-01-12T16:30:14.552007Z|3|ADD_GRADE|studentId=1001,subject=English|0|SUCCESS|
2026-01-12T16:30:14.553010200Z|3|ADD_GRADE|studentId=1001,subject=Music|1|SUCCESS|
2026-01-12T16:30:14.558535800Z|3|ADD_GRADE|studentId=1001,subject=Music|0|SUCCESS|
2026-01-12T16:30:14.558535800Z|3|ADD_GRADE|studentId=1001,subject=Art|0|SUCCESS|
2026-01-12T16:30:14.563548400Z|3|ADD_GRADE|studentId=1001,subject=Mathematics|0|SUCCESS|
2026-01-12T16:30:14.564814600Z|3|ADD_GRADE|studentId=1002,subject=Mathematics|1|SUCCESS|
2026-01-12T16:30:14.568340300Z|3|ADD_GRADE|studentId=1001,subject=Mathematics|0|SUCCESS|
2026-01-12T16:30:14.571350300Z|3|ADD_GRADE|studentId=1001,subject=Mathematics|0|SUCCESS|
2026-01-12T16:30:14.572351600Z|3|ADD_GRADE|studentId=1002,subject=Mathematics|1|SUCCESS|
2026-01-12T16:30:14.575655Z|3|ADD_GRADE|studentId=1001,subject=Mathematics|0|SUCCESS|
2026-01-12T16:30:14.575655Z|3|ADD_GRADE|studentId=1001,subject=English|0|SUCCESS|
2026-01-12T16:30:14.593220500Z|3|ADD_GRADE|studentId=1001,subject=Mathematics|0|SUCCESS|
2026-01-12T16:30:14.597733100Z|3|ADD_GRADE|studentId=1001,subject=Mathematics|0|SUCCESS|
2026-01-12T16:30:14.598746300Z|3|ADD_GRADE|studentId=1001,subject=Music|0|SUCCESS|
2026-01-12T16:30:14.603758800Z|3|ADD_GRADE|studentId=1001,subject=Mathematics|0|SUCCESS|
2026-01-12T16:30:14.603758800Z|3|ADD_GRADE|studentId=1001,subject=Mathematics|0|SUCCESS|
2026-01-12T16:30:14.603758800Z|3|ADD_GRADE|studentId=1001,subject=Mathematics|0|SUCCESS|
2026-01-12T16:30:54.474882900Z|3|ADD_GRADE|studentId=1001,subject=Mathematics|14|SUCCESS|
2026-01-12T16:30:54.474882900Z|3|ADD_GRADE|studentId=1001,subject=English|0|SUCCESS|
2026-01-12T16:30:54.504234300Z|3|ADD_GRADE|studentId=1001,subject=Mathematics|1|SUCCESS|
2026-01-12T16:30:54.504234300Z|3|ADD_GRADE|studentId=1001,subject=English|0|SUCCESS|
2026-01-12T16:30:54.504234300Z|3|ADD_GRADE|studentId=1001,subject=Music|0|SUCCESS|
2026-01-12T16:30:54.521511Z|3|ADD_GRADE|studentId=1001,subject=Music|0|SUCCESS|
2026-01-12T16:30:54.521511Z|3|ADD_GRADE|studentId=1001,subject=Art|0|SUCCESS|
2026-01-12T16:30:54.530429700Z|3|ADD_GRADE|studentId=1001,subject=Mathematics|0|SUCCESS|
2026-01-12T16:30:54.530429700Z|3|ADD_GRADE|studentId=1002,subject=Mathematics|0|SUCCESS|
2026-01-12T16:30:54.534428500Z|3|ADD_GRADE|studentId=1001,subject=Mathematics|0|SUCCESS|
2026-01-12T16:30:54.540961600Z|3|ADD_GRADE|studentId=1001,subject=Mathematics|0|SUCCESS|
2026-01-12T16:30:54.541962300Z|3|ADD_GRADE|studentId=1002,subject=Mathematics|0|SUCCESS|
2026-01-12T16:30:54.546962200Z|3|ADD_GRADE|studentId=1001,subject=Mathematics|0|SUCCESS|
2026-01-12T16:30:54.546962200Z|3|ADD_GRADE|studentId=1001,subject=English|0|SUCCESS|
2026-01-12T16:30:54.559550800Z|3|ADD_GRADE|studentId=1001,subject=Mathematics|0|SUCCESS|
2026-01-12T16:30:54.564554700Z|3|ADD_GRADE|studentId=1001,subject=Mathematics|0|SUCCESS|
2026-01-12T16:30:54.564554700Z|3|ADD_GRADE|studentId=1001,subject=Music|0|SUCCESS|
2026-01-12T16:30:54.570097100Z|3|ADD_GRADE|studentId=1001,subject=Mathematics|0|SUCCESS|
2026-01-12T16:31:12.567207600Z|3|ADD_GRADE|studentId=1001,subject=Mathematics|11|SUCCESS|
2026-01-12T16:31:12.567718800Z|3|ADD_GRADE|studentId=1001,subject=English|0|SUCCESS|
2026-01-12T16:31:12.595825300Z|3|ADD_GRADE|studentId=1001,subject=Mathematics|1|SUCCESS|
2026-01-12T16:31:12.595825300Z|3|ADD_GRADE|studentId=1001,subject=English|0|SUCCESS|
2026-01-12T16:31:12.595825300Z|3|ADD_GRADE|studentId=1001,subject=Music|0|SUCCESS|
2026-01-12T16:31:12.612759200Z|3|ADD_GRADE|studentId=1001,subject=Music|1|SUCCESS|
2026-01-12T16:31:12.612759200Z|3|ADD_GRADE|studentId=1001,subject=Art|0|SUCCESS|
2026-01-12T16:31:12.620362900Z|3|ADD_GRADE|studentId=1001,subject=Mathematics|0|SUCCESS|
2026-01-12T16:31:12.620362900Z|3|ADD_GRADE|studentId=1002,subject=Mathematics|0|SUCCESS|
2026-01-12T16:31:12.623363500Z|3|ADD_GRADE|studentId=1001,subject=Mathematics|0|SUCCESS|
2026-01-12T16:31:12.629901100Z|3|ADD_GRADE|studentId=1001,subject=Mathematics|0|SUCCESS|
2026-01-12T16:31:12.629901100Z|3|ADD_GRADE|studentId=1002,subject=Mathematics|0|SUCCESS|
2026-01-12T16:31:12.632902100Z|3|ADD_GRADE|studentId=1001,subject=Mathematics|0|SUCCESS|
2026-01-12T16:31:12.633901Z|3|ADD_GRADE|studentId=1001,subject=English|0|SUCCESS|
2026-01-12T16:31:12.643948800Z|3|ADD_GRADE|studentId=1001,subject=Mathematics|0|SUCCESS|
2026-01-12T16:31:12.648472Z|3|ADD_GRADE|studentId=1001,subject=Mathematics|0|SUCCESS|
2026-01-12T16:31:12.649483800Z|3|ADD_GRADE|studentId=1001,subject=Music|0|SUCCESS|
2026-01-12T16:31:12.653482300Z|3|ADD_GRADE|studentId=1001,subject=Mathematics|0|SUCCESS|
2026-01-12T16:34:07.563742700Z|3|ADD_GRADE|studentId=1001,subject=Mathematics|15|SUCCESS|
2026-01-12T16:34:07.563742700Z|3|ADD_GRADE|studentId=1001,subject=English|0|SUCCESS|
2026-01-12T16:34:07.593796400Z|3|ADD_GRADE|studentId=1001,subject=Mathematics|0|SUCCESS|
2026-01-12T16:34:07.593796400Z|3|ADD_GRADE|studentId=1001,subject=English|0|SUCCESS|
2026-01-12T16:34:07.594795900Z|3|ADD_GRADE|studentId=1001,subject=Music|0|SUCCESS|
2026-01-12T16:34:07.610817600Z|3|ADD_GRADE|studentId=1001,subject=Music|0|SUCCESS|
2026-01-12T16:34:07.610817600Z|3|ADD_GRADE|studentId=1001,subject=Art|0|SUCCESS|
2026-01-12T16:34:07.616725400Z|3|ADD_GRADE|studentId=1001,subject=Mathematics|0|SUCCESS|
2026-01-12T16:34:07.616725400Z|3|ADD_GRADE|studentId=1002,subject=Mathematics|0|SUCCESS|
2026-01-12T16:34:07.619723100Z|3|ADD_GRADE|studentId=1001,subject=Mathematics|0|SUCCESS|
2026-01-12T16:34:07.626078700Z|3|ADD_GRADE|studentId=1001,subject=Mathematics|0|SUCCESS|
2026-01-12T16:34:07.627330200Z|3|ADD_GRADE|studentId=1002,subject=Mathematics|0|SUCCESS|
2026-01-12T16:34:07.630855200Z|3|ADD_GRADE|studentId=1001,subject=Mathematics|0|SUCCESS|
2026-01-12T16:34:07.630855200Z|3|ADD_GRADE|studentId=1001,subject=English|0|SUCCESS|
2026-01-12T16:34:07.639483800Z|3|ADD_GRADE|studentId=1001,subject=Mathematics|0|SUCCESS|
2026-01-12T16:34:07.644872300Z|3|ADD_GRADE|studentId=1001,subject=Mathematics|0|SUCCESS|
2026-01-12T16:34:07.645872600Z|3|ADD_GRADE|studentId=1001,subject=Music|0|SUCCESS|
2026-01-12T16:34:07.649106900Z|3|ADD_GRADE|studentId=1001,subject=Mathematics|0|SUCCESS|
